[2012-10-30 11:50:10] myapp.INFO: > GET /api [] []
[2012-10-30 11:50:11] myapp.INFO: > GET /favicon.ico [] []
[2012-10-30 11:50:11] myapp.ERROR: Unable to find the controller for path "/favicon.ico". Maybe you forgot to add the matching route in your routing configuration? [] []
[2012-10-30 11:50:11] myapp.INFO: < 404 [] []
[2012-10-30 11:50:21] myapp.INFO: > GET /api [] []
[2012-10-30 11:50:21] myapp.INFO: > GET /favicon.ico [] []
[2012-10-30 11:50:21] myapp.ERROR: Unable to find the controller for path "/favicon.ico". Maybe you forgot to add the matching route in your routing configuration? [] []
[2012-10-30 11:50:21] myapp.INFO: < 404 [] []
[2012-10-30 11:51:03] myapp.INFO: > GET /api [] []
[2012-10-30 11:51:03] myapp.INFO: < 200 [] []
[2012-10-30 11:51:03] myapp.INFO: > GET /favicon.ico [] []
[2012-10-30 11:51:03] myapp.ERROR: Unable to find the controller for path "/favicon.ico". Maybe you forgot to add the matching route in your routing configuration? [] []
[2012-10-30 11:51:03] myapp.INFO: < 404 [] []
[2012-10-30 11:51:14] myapp.INFO: > GET /api [] []
[2012-10-30 11:51:14] myapp.INFO: < 200 [] []
[2012-10-30 11:51:14] myapp.INFO: > GET /favicon.ico [] []
[2012-10-30 11:51:14] myapp.ERROR: Unable to find the controller for path "/favicon.ico". Maybe you forgot to add the matching route in your routing configuration? [] []
[2012-10-30 11:51:14] myapp.INFO: < 404 [] []
[2012-10-30 11:52:20] myapp.INFO: > GET /api [] []
[2012-10-30 11:52:20] myapp.INFO: < 200 [] []
[2012-10-30 11:52:20] myapp.INFO: > GET /favicon.ico [] []
[2012-10-30 11:52:20] myapp.ERROR: Unable to find the controller for path "/favicon.ico". Maybe you forgot to add the matching route in your routing configuration? [] []
[2012-10-30 11:52:20] myapp.INFO: < 404 [] []
[2012-10-30 11:52:29] myapp.INFO: > GET /api [] []
[2012-10-30 11:52:29] myapp.INFO: < 200 [] []
[2012-10-30 11:52:29] myapp.INFO: > GET /favicon.ico [] []
[2012-10-30 11:52:29] myapp.ERROR: Unable to find the controller for path "/favicon.ico". Maybe you forgot to add the matching route in your routing configuration? [] []
[2012-10-30 11:52:29] myapp.INFO: < 404 [] []
[2012-10-30 11:53:16] myapp.INFO: > GET /api [] []
[2012-10-30 11:53:16] myapp.INFO: < 200 [] []
[2012-10-30 11:53:16] myapp.INFO: > GET /favicon.ico [] []
[2012-10-30 11:53:16] myapp.ERROR: Unable to find the controller for path "/favicon.ico". Maybe you forgot to add the matching route in your routing configuration? [] []
[2012-10-30 11:53:16] myapp.INFO: < 404 [] []
[2012-10-30 11:53:22] myapp.INFO: > GET /api [] []
[2012-10-30 11:53:22] myapp.INFO: < 200 [] []
[2012-10-30 11:53:22] myapp.INFO: > GET /favicon.ico [] []
[2012-10-30 11:53:22] myapp.ERROR: Unable to find the controller for path "/favicon.ico". Maybe you forgot to add the matching route in your routing configuration? [] []
[2012-10-30 11:53:22] myapp.INFO: < 404 [] []
[2012-10-30 11:53:56] myapp.INFO: > GET /api [] []
[2012-10-30 11:53:56] myapp.INFO: < 200 [] []
[2012-10-30 11:53:56] myapp.INFO: > GET /favicon.ico [] []
[2012-10-30 11:53:56] myapp.ERROR: Unable to find the controller for path "/favicon.ico". Maybe you forgot to add the matching route in your routing configuration? [] []
[2012-10-30 11:53:56] myapp.INFO: < 404 [] []
[2012-10-30 11:54:19] myapp.INFO: > GET /api [] []
[2012-10-30 11:54:19] myapp.INFO: < 200 [] []
[2012-10-30 11:54:19] myapp.INFO: > GET /favicon.ico [] []
[2012-10-30 11:54:19] myapp.ERROR: Unable to find the controller for path "/favicon.ico". Maybe you forgot to add the matching route in your routing configuration? [] []
[2012-10-30 11:54:19] myapp.INFO: < 404 [] []
[2012-10-30 11:54:22] myapp.INFO: > GET /api [] []
[2012-10-30 11:54:22] myapp.INFO: < 200 [] []
[2012-10-30 11:54:23] myapp.INFO: > GET /favicon.ico [] []
[2012-10-30 11:54:23] myapp.ERROR: Unable to find the controller for path "/favicon.ico". Maybe you forgot to add the matching route in your routing configuration? [] []
[2012-10-30 11:54:23] myapp.INFO: < 404 [] []
[2012-10-30 11:56:50] myapp.INFO: > GET /api [] []
[2012-10-30 11:56:50] myapp.INFO: < 200 [] []
[2012-10-30 11:56:50] myapp.INFO: > GET /favicon.ico [] []
[2012-10-30 11:56:50] myapp.ERROR: Unable to find the controller for path "/favicon.ico". Maybe you forgot to add the matching route in your routing configuration? [] []
[2012-10-30 11:56:50] myapp.INFO: < 404 [] []
[2012-10-30 11:58:32] myapp.INFO: > GET /api [] []
[2012-10-30 11:58:32] myapp.INFO: < 200 [] []
[2012-10-30 11:58:32] myapp.INFO: > GET /favicon.ico [] []
[2012-10-30 11:58:32] myapp.ERROR: Unable to find the controller for path "/favicon.ico". Maybe you forgot to add the matching route in your routing configuration? [] []
[2012-10-30 11:58:32] myapp.INFO: < 404 [] []
[2012-10-30 12:04:03] myapp.INFO: > GET /api [] []
[2012-10-30 12:04:03] myapp.INFO: < 200 [] []
[2012-10-30 12:04:03] myapp.INFO: > GET /favicon.ico [] []
[2012-10-30 12:04:03] myapp.ERROR: Unable to find the controller for path "/favicon.ico". Maybe you forgot to add the matching route in your routing configuration? [] []
[2012-10-30 12:04:03] myapp.INFO: < 404 [] []
[2012-10-30 13:46:09] myapp.INFO: > GET /api [] []
[2012-10-30 13:46:09] myapp.INFO: < 200 [] []
[2012-10-30 13:46:09] myapp.INFO: > GET /favicon.ico [] []
[2012-10-30 13:46:09] myapp.ERROR: Unable to find the controller for path "/favicon.ico". Maybe you forgot to add the matching route in your routing configuration? [] []
[2012-10-30 13:46:09] myapp.INFO: < 404 [] []
[2012-10-30 13:46:19] myapp.INFO: > GET /api [] []
[2012-10-30 13:46:19] myapp.INFO: < 200 [] []
[2012-10-30 13:46:19] myapp.INFO: > GET /favicon.ico [] []
[2012-10-30 13:46:19] myapp.ERROR: Unable to find the controller for path "/favicon.ico". Maybe you forgot to add the matching route in your routing configuration? [] []
[2012-10-30 13:46:19] myapp.INFO: < 404 [] []
[2012-10-30 13:53:42] myapp.INFO: > GET /api [] []
[2012-10-30 13:53:42] myapp.INFO: < 200 [] []
[2012-10-30 13:53:42] myapp.INFO: > GET /favicon.ico [] []
[2012-10-30 13:53:42] myapp.ERROR: Unable to find the controller for path "/favicon.ico". Maybe you forgot to add the matching route in your routing configuration? [] []
[2012-10-30 13:53:42] myapp.INFO: < 404 [] []
[2012-10-30 13:54:06] myapp.INFO: > GET /api [] []
[2012-10-30 13:54:06] myapp.INFO: < 200 [] []
[2012-10-30 13:54:06] myapp.INFO: > GET /favicon.ico [] []
[2012-10-30 13:54:06] myapp.ERROR: Unable to find the controller for path "/favicon.ico". Maybe you forgot to add the matching route in your routing configuration? [] []
[2012-10-30 13:54:06] myapp.INFO: < 404 [] []
[2012-10-30 13:54:33] myapp.INFO: > GET /api [] []
[2012-10-30 13:54:33] myapp.INFO: < 200 [] []
[2012-10-30 13:54:33] myapp.INFO: > GET /favicon.ico [] []
[2012-10-30 13:54:33] myapp.ERROR: Unable to find the controller for path "/favicon.ico". Maybe you forgot to add the matching route in your routing configuration? [] []
[2012-10-30 13:54:34] myapp.INFO: < 404 [] []
[2012-10-30 13:59:00] myapp.INFO: > GET /api [] []
[2012-10-30 13:59:00] myapp.INFO: < 200 [] []
[2012-10-30 13:59:00] myapp.INFO: > GET /favicon.ico [] []
[2012-10-30 13:59:00] myapp.ERROR: Unable to find the controller for path "/favicon.ico". Maybe you forgot to add the matching route in your routing configuration? [] []
[2012-10-30 13:59:00] myapp.INFO: < 404 [] []
[2012-10-30 13:59:00] myapp.INFO: > GET /api [] []
[2012-10-30 13:59:00] myapp.INFO: < 200 [] []
[2012-10-30 13:59:00] myapp.INFO: > GET /api [] []
[2012-10-30 13:59:00] myapp.INFO: < 200 [] []
[2012-10-30 13:59:00] myapp.INFO: > GET /favicon.ico [] []
[2012-10-30 13:59:00] myapp.ERROR: Unable to find the controller for path "/favicon.ico". Maybe you forgot to add the matching route in your routing configuration? [] []
[2012-10-30 13:59:00] myapp.INFO: < 404 [] []
[2012-10-30 13:59:00] myapp.INFO: > GET /api [] []
[2012-10-30 13:59:00] myapp.INFO: < 200 [] []
[2012-10-30 13:59:00] myapp.INFO: > GET /api [] []
[2012-10-30 13:59:00] myapp.INFO: < 200 [] []
[2012-10-30 13:59:00] myapp.INFO: > GET /favicon.ico [] []
[2012-10-30 13:59:00] myapp.ERROR: Unable to find the controller for path "/favicon.ico". Maybe you forgot to add the matching route in your routing configuration? [] []
[2012-10-30 13:59:00] myapp.INFO: < 404 [] []
[2012-10-30 13:59:00] myapp.INFO: > GET /favicon.ico [] []
[2012-10-30 13:59:00] myapp.ERROR: Unable to find the controller for path "/favicon.ico". Maybe you forgot to add the matching route in your routing configuration? [] []
[2012-10-30 13:59:00] myapp.INFO: < 404 [] []
[2012-10-30 14:03:15] myapp.INFO: > GET /api [] []
[2012-10-30 14:03:15] myapp.INFO: < 200 [] []
[2012-10-30 14:03:16] myapp.INFO: > GET /favicon.ico [] []
[2012-10-30 14:03:16] myapp.ERROR: Unable to find the controller for path "/favicon.ico". Maybe you forgot to add the matching route in your routing configuration? [] []
[2012-10-30 14:03:16] myapp.INFO: < 404 [] []
[2012-10-30 14:03:22] myapp.INFO: > GET /api [] []
[2012-10-30 14:03:22] myapp.INFO: < 200 [] []
[2012-10-30 14:03:23] myapp.INFO: > GET /favicon.ico [] []
[2012-10-30 14:03:23] myapp.ERROR: Unable to find the controller for path "/favicon.ico". Maybe you forgot to add the matching route in your routing configuration? [] []
[2012-10-30 14:03:23] myapp.INFO: < 404 [] []
[2012-10-30 14:03:23] myapp.INFO: > GET /api [] []
[2012-10-30 14:03:23] myapp.INFO: < 200 [] []
[2012-10-30 14:03:23] myapp.INFO: > GET /favicon.ico [] []
[2012-10-30 14:03:23] myapp.ERROR: Unable to find the controller for path "/favicon.ico". Maybe you forgot to add the matching route in your routing configuration? [] []
[2012-10-30 14:03:23] myapp.INFO: < 404 [] []
[2012-10-30 14:03:23] myapp.INFO: > GET /api [] []
[2012-10-30 14:03:23] myapp.INFO: < 200 [] []
[2012-10-30 14:03:23] myapp.INFO: > GET /favicon.ico [] []
[2012-10-30 14:03:23] myapp.ERROR: Unable to find the controller for path "/favicon.ico". Maybe you forgot to add the matching route in your routing configuration? [] []
[2012-10-30 14:03:23] myapp.INFO: < 404 [] []
[2012-10-30 14:03:23] myapp.INFO: > GET /api [] []
[2012-10-30 14:03:23] myapp.INFO: < 200 [] []
[2012-10-30 14:03:23] myapp.INFO: > GET /favicon.ico [] []
[2012-10-30 14:03:23] myapp.ERROR: Unable to find the controller for path "/favicon.ico". Maybe you forgot to add the matching route in your routing configuration? [] []
[2012-10-30 14:03:23] myapp.INFO: < 404 [] []
[2012-10-30 14:11:22] myapp.INFO: > GET /api [] []
[2012-10-30 14:11:22] myapp.INFO: < 200 [] []
[2012-10-30 14:11:22] myapp.INFO: > GET /favicon.ico [] []
[2012-10-30 14:11:22] myapp.ERROR: Unable to find the controller for path "/favicon.ico". Maybe you forgot to add the matching route in your routing configuration? [] []
[2012-10-30 14:11:22] myapp.INFO: < 404 [] []
[2012-10-30 14:11:45] myapp.INFO: > GET /api [] []
[2012-10-30 14:11:45] myapp.INFO: < 200 [] []
[2012-10-30 14:11:45] myapp.INFO: > GET /favicon.ico [] []
[2012-10-30 14:11:45] myapp.ERROR: Unable to find the controller for path "/favicon.ico". Maybe you forgot to add the matching route in your routing configuration? [] []
[2012-10-30 14:11:45] myapp.INFO: < 404 [] []
[2012-10-30 14:15:24] myapp.INFO: > GET /api [] []
[2012-10-30 14:15:24] myapp.INFO: < 200 [] []
[2012-10-30 14:15:24] myapp.INFO: > GET /favicon.ico [] []
[2012-10-30 14:15:24] myapp.ERROR: Unable to find the controller for path "/favicon.ico". Maybe you forgot to add the matching route in your routing configuration? [] []
[2012-10-30 14:15:24] myapp.INFO: < 404 [] []
[2012-10-30 15:25:28] myapp.INFO: > GET /api [] []
[2012-10-30 15:25:28] myapp.INFO: < 200 [] []
[2012-10-30 15:25:28] myapp.INFO: > GET /favicon.ico [] []
[2012-10-30 15:25:28] myapp.ERROR: Unable to find the controller for path "/favicon.ico". Maybe you forgot to add the matching route in your routing configuration? [] []
[2012-10-30 15:25:28] myapp.INFO: < 404 [] []
[2012-10-30 15:26:28] myapp.INFO: > GET /api [] []
[2012-10-30 15:26:28] myapp.INFO: < 200 [] []
[2012-10-30 15:26:28] myapp.INFO: > GET /favicon.ico [] []
[2012-10-30 15:26:28] myapp.ERROR: Unable to find the controller for path "/favicon.ico". Maybe you forgot to add the matching route in your routing configuration? [] []
[2012-10-30 15:26:28] myapp.INFO: < 404 [] []
[2012-10-30 18:17:46] myapp.INFO: > GET /api [] []
[2012-10-30 18:17:46] myapp.INFO: < 200 [] []
[2012-10-30 18:17:47] myapp.INFO: > GET /favicon.ico [] []
[2012-10-30 18:17:47] myapp.ERROR: Unable to find the controller for path "/favicon.ico". Maybe you forgot to add the matching route in your routing configuration? [] []
[2012-10-30 18:17:47] myapp.INFO: < 404 [] []
[2012-10-30 18:17:56] myapp.INFO: > GET /api [] []
[2012-10-30 18:17:56] myapp.INFO: < 200 [] []
[2012-10-30 18:17:57] myapp.INFO: > GET /favicon.ico [] []
[2012-10-30 18:17:57] myapp.ERROR: Unable to find the controller for path "/favicon.ico". Maybe you forgot to add the matching route in your routing configuration? [] []
[2012-10-30 18:17:57] myapp.INFO: < 404 [] []
[2012-10-30 18:18:31] myapp.INFO: > GET /api [] []
[2012-10-30 18:18:31] myapp.INFO: < 200 [] []
[2012-10-30 18:18:31] myapp.INFO: > GET /favicon.ico [] []
[2012-10-30 18:18:31] myapp.ERROR: Unable to find the controller for path "/favicon.ico". Maybe you forgot to add the matching route in your routing configuration? [] []
[2012-10-30 18:18:31] myapp.INFO: < 404 [] []
[2012-10-30 18:21:09] myapp.INFO: > GET /api [] []
[2012-10-30 18:21:09] myapp.INFO: < 200 [] []
[2012-10-30 18:21:09] myapp.INFO: > GET /favicon.ico [] []
[2012-10-30 18:21:09] myapp.ERROR: Unable to find the controller for path "/favicon.ico". Maybe you forgot to add the matching route in your routing configuration? [] []
[2012-10-30 18:21:09] myapp.INFO: < 404 [] []
[2012-10-30 18:21:11] myapp.INFO: > GET /api [] []
[2012-10-30 18:21:11] myapp.INFO: < 200 [] []
[2012-10-30 18:21:11] myapp.INFO: > GET /favicon.ico [] []
[2012-10-30 18:21:11] myapp.ERROR: Unable to find the controller for path "/favicon.ico". Maybe you forgot to add the matching route in your routing configuration? [] []
[2012-10-30 18:21:11] myapp.INFO: < 404 [] []
[2012-10-31 18:00:56] myapp.INFO: > GET / [] []
[2012-10-31 18:00:56] myapp.ERROR: Invalid argument [] []
[2012-10-31 18:00:56] myapp.INFO: < 500 [] []
[2012-10-31 18:00:56] myapp.INFO: > GET /_pipe/asset/screen.less [] []
[2012-10-31 18:00:56] myapp.ERROR: Asset /Users/chh/Projects/spark-app/config/../app/assets/stylesheets/./http://fonts.googleapis.com/css?family=Lato:300,400,700,900,300italic,400italic,700italic,900italic not found [] []
[2012-10-31 18:00:56] myapp.INFO: < 500 [] []
[2012-10-31 18:00:56] myapp.INFO: > GET /_pipe/asset/application.coffee [] []
[2012-10-31 18:00:56] myapp.INFO: < 200 [] []
[2012-10-31 18:00:56] myapp.INFO: > GET /favicon.ico [] []
[2012-10-31 18:00:56] myapp.ERROR: Unable to find the controller for path "/favicon.ico". Maybe you forgot to add the matching route in your routing configuration? [] []
[2012-10-31 18:00:56] myapp.INFO: < 404 [] []
[2012-10-31 18:01:02] myapp.INFO: > GET / [] []
[2012-10-31 18:01:02] myapp.INFO: < 200 [] []
[2012-10-31 18:01:02] myapp.INFO: > GET /_pipe/asset/screen.less [] []
[2012-10-31 18:01:03] myapp.ERROR: Asset /Users/chh/Projects/spark-app/config/../app/assets/stylesheets/./http://fonts.googleapis.com/css?family=Lato:300,400,700,900,300italic,400italic,700italic,900italic not found [] []
[2012-10-31 18:01:03] myapp.INFO: < 500 [] []
[2012-10-31 18:01:03] myapp.INFO: > GET /_pipe/asset/application.coffee [] []
[2012-10-31 18:01:03] myapp.INFO: < 200 [] []
[2012-10-31 18:01:03] myapp.INFO: > GET /favicon.ico [] []
[2012-10-31 18:01:03] myapp.ERROR: Unable to find the controller for path "/favicon.ico". Maybe you forgot to add the matching route in your routing configuration? [] []
[2012-10-31 18:01:03] myapp.INFO: < 404 [] []
[2012-10-31 18:01:04] myapp.INFO: > GET / [] []
[2012-10-31 18:01:04] myapp.INFO: < 200 [] []
[2012-10-31 18:01:04] myapp.INFO: > GET /_pipe/asset/screen.less [] []
[2012-10-31 18:01:04] myapp.ERROR: Asset /Users/chh/Projects/spark-app/config/../app/assets/stylesheets/./http://fonts.googleapis.com/css?family=Lato:300,400,700,900,300italic,400italic,700italic,900italic not found [] []
[2012-10-31 18:01:04] myapp.INFO: < 500 [] []
[2012-10-31 18:01:04] myapp.INFO: > GET /_pipe/asset/application.coffee [] []
[2012-10-31 18:01:04] myapp.INFO: < 200 [] []
[2012-10-31 18:01:04] myapp.INFO: > GET /favicon.ico [] []
[2012-10-31 18:01:04] myapp.ERROR: Unable to find the controller for path "/favicon.ico". Maybe you forgot to add the matching route in your routing configuration? [] []
[2012-10-31 18:01:04] myapp.INFO: < 404 [] []
[2012-10-31 18:01:11] myapp.INFO: > GET /_assets/screen.less [] []
[2012-10-31 18:01:11] myapp.ERROR: Unable to find the controller for path "/_assets/screen.less". Maybe you forgot to add the matching route in your routing configuration? [] []
[2012-10-31 18:01:11] myapp.INFO: < 404 [] []
[2012-10-31 18:01:11] myapp.INFO: > GET /_pipe/asset/screen.less [] []
[2012-10-31 18:01:11] myapp.ERROR: Asset /Users/chh/Projects/spark-app/config/../app/assets/stylesheets/./http://fonts.googleapis.com/css?family=Lato:300,400,700,900,300italic,400italic,700italic,900italic not found [] []
[2012-10-31 18:01:11] myapp.INFO: < 500 [] []
[2012-10-31 18:01:11] myapp.INFO: > GET /_pipe/asset/application.coffee [] []
[2012-10-31 18:01:11] myapp.INFO: < 200 [] []
[2012-10-31 18:01:11] myapp.INFO: > GET /favicon.ico [] []
[2012-10-31 18:01:11] myapp.ERROR: Unable to find the controller for path "/favicon.ico". Maybe you forgot to add the matching route in your routing configuration? [] []
[2012-10-31 18:01:11] myapp.INFO: < 404 [] []
[2012-10-31 18:01:46] myapp.INFO: > GET /_assets/screen.less [] []
[2012-10-31 18:01:46] myapp.ERROR: Unable to find the controller for path "/_assets/screen.less". Maybe you forgot to add the matching route in your routing configuration? [] []
[2012-10-31 18:01:46] myapp.INFO: < 404 [] []
[2012-10-31 18:01:46] myapp.INFO: > GET /_pipe/asset/screen.less [] []
[2012-10-31 18:01:46] myapp.ERROR: Asset /Users/chh/Projects/spark-app/config/../app/assets/stylesheets/./http://fonts.googleapis.com/css?family=Lato:300,400,700,900,300italic,400italic,700italic,900italic not found [] []
[2012-10-31 18:01:46] myapp.INFO: < 500 [] []
[2012-10-31 18:01:46] myapp.INFO: > GET /_pipe/asset/application.coffee [] []
[2012-10-31 18:01:46] myapp.INFO: < 200 [] []
[2012-10-31 18:01:47] myapp.INFO: > GET /favicon.ico [] []
[2012-10-31 18:01:47] myapp.ERROR: Unable to find the controller for path "/favicon.ico". Maybe you forgot to add the matching route in your routing configuration? [] []
[2012-10-31 18:01:47] myapp.INFO: < 404 [] []
[2012-10-31 18:01:48] myapp.INFO: > GET /_assets/screen.less [] []
[2012-10-31 18:01:48] myapp.ERROR: Unable to find the controller for path "/_assets/screen.less". Maybe you forgot to add the matching route in your routing configuration? [] []
[2012-10-31 18:01:48] myapp.INFO: < 404 [] []
[2012-10-31 18:01:48] myapp.INFO: > GET /_pipe/asset/screen.less [] []
[2012-10-31 18:01:48] myapp.ERROR: Asset /Users/chh/Projects/spark-app/config/../app/assets/stylesheets/./http://fonts.googleapis.com/css?family=Lato:300,400,700,900,300italic,400italic,700italic,900italic not found [] []
[2012-10-31 18:01:48] myapp.INFO: < 500 [] []
[2012-10-31 18:01:48] myapp.INFO: > GET /_pipe/asset/application.coffee [] []
[2012-10-31 18:01:48] myapp.INFO: < 200 [] []
[2012-10-31 18:01:48] myapp.INFO: > GET /favicon.ico [] []
[2012-10-31 18:01:48] myapp.ERROR: Unable to find the controller for path "/favicon.ico". Maybe you forgot to add the matching route in your routing configuration? [] []
[2012-10-31 18:01:48] myapp.INFO: < 404 [] []
[2012-10-31 18:01:48] myapp.INFO: > GET /_assets/screen.less [] []
[2012-10-31 18:01:48] myapp.ERROR: Unable to find the controller for path "/_assets/screen.less". Maybe you forgot to add the matching route in your routing configuration? [] []
[2012-10-31 18:01:48] myapp.INFO: < 404 [] []
[2012-10-31 18:01:48] myapp.INFO: > GET /_pipe/asset/screen.less [] []
[2012-10-31 18:01:48] myapp.ERROR: Asset /Users/chh/Projects/spark-app/config/../app/assets/stylesheets/./http://fonts.googleapis.com/css?family=Lato:300,400,700,900,300italic,400italic,700italic,900italic not found [] []
[2012-10-31 18:01:48] myapp.INFO: < 500 [] []
[2012-10-31 18:01:48] myapp.INFO: > GET /_pipe/asset/application.coffee [] []
[2012-10-31 18:01:49] myapp.INFO: < 200 [] []
[2012-10-31 18:01:49] myapp.INFO: > GET /favicon.ico [] []
[2012-10-31 18:01:49] myapp.ERROR: Unable to find the controller for path "/favicon.ico". Maybe you forgot to add the matching route in your routing configuration? [] []
[2012-10-31 18:01:49] myapp.INFO: < 404 [] []
[2012-10-31 18:01:59] myapp.INFO: > GET /_pipe/asset/screen.less [] []
[2012-10-31 18:01:59] myapp.ERROR: Asset /Users/chh/Projects/spark-app/config/../app/assets/stylesheets/./http://fonts.googleapis.com/css?family=Lato:300,400,700,900,300italic,400italic,700italic,900italic not found [] []
[2012-10-31 18:01:59] myapp.INFO: < 500 [] []
[2012-10-31 18:01:59] myapp.INFO: > GET /_pipe/asset/screen.less [] []
[2012-10-31 18:02:00] myapp.ERROR: Asset /Users/chh/Projects/spark-app/config/../app/assets/stylesheets/./http://fonts.googleapis.com/css?family=Lato:300,400,700,900,300italic,400italic,700italic,900italic not found [] []
[2012-10-31 18:02:00] myapp.INFO: < 500 [] []
[2012-10-31 18:02:00] myapp.INFO: > GET /_pipe/asset/application.coffee [] []
[2012-10-31 18:02:00] myapp.INFO: < 200 [] []
[2012-10-31 18:02:00] myapp.INFO: > GET /favicon.ico [] []
[2012-10-31 18:02:00] myapp.ERROR: Unable to find the controller for path "/favicon.ico". Maybe you forgot to add the matching route in your routing configuration? [] []
[2012-10-31 18:02:00] myapp.INFO: < 404 [] []
[2012-10-31 18:02:28] myapp.INFO: > GET /_pipe/asset/screen.less [] []
[2012-10-31 18:02:28] myapp.ERROR: Asset /Users/chh/Projects/spark-app/config/../app/assets/stylesheets/./http://fonts.googleapis.com/css?family=Lato:300,400,700,900,300italic,400italic,700italic,900italic not found [] []
[2012-10-31 18:02:28] myapp.INFO: < 500 [] []
[2012-10-31 18:02:28] myapp.INFO: > GET /_pipe/asset/screen.less [] []
[2012-10-31 18:02:28] myapp.ERROR: Asset /Users/chh/Projects/spark-app/config/../app/assets/stylesheets/./http://fonts.googleapis.com/css?family=Lato:300,400,700,900,300italic,400italic,700italic,900italic not found [] []
[2012-10-31 18:02:28] myapp.INFO: < 500 [] []
[2012-10-31 18:02:28] myapp.INFO: > GET /_pipe/asset/application.coffee [] []
[2012-10-31 18:02:28] myapp.INFO: < 200 [] []
[2012-10-31 18:02:28] myapp.INFO: > GET /favicon.ico [] []
[2012-10-31 18:02:28] myapp.ERROR: Unable to find the controller for path "/favicon.ico". Maybe you forgot to add the matching route in your routing configuration? [] []
[2012-10-31 18:02:28] myapp.INFO: < 404 [] []
[2012-10-31 18:02:29] myapp.INFO: > GET /_pipe/asset/screen.less [] []
[2012-10-31 18:02:29] myapp.ERROR: Asset /Users/chh/Projects/spark-app/config/../app/assets/stylesheets/./http://fonts.googleapis.com/css?family=Lato:300,400,700,900,300italic,400italic,700italic,900italic not found [] []
[2012-10-31 18:02:29] myapp.INFO: < 500 [] []
[2012-10-31 18:02:29] myapp.INFO: > GET /_pipe/asset/screen.less [] []
[2012-10-31 18:02:29] myapp.ERROR: Asset /Users/chh/Projects/spark-app/config/../app/assets/stylesheets/./http://fonts.googleapis.com/css?family=Lato:300,400,700,900,300italic,400italic,700italic,900italic not found [] []
[2012-10-31 18:02:29] myapp.INFO: < 500 [] []
[2012-10-31 18:02:29] myapp.INFO: > GET /_pipe/asset/application.coffee [] []
[2012-10-31 18:02:30] myapp.INFO: < 200 [] []
[2012-10-31 18:02:30] myapp.INFO: > GET /favicon.ico [] []
[2012-10-31 18:02:30] myapp.ERROR: Unable to find the controller for path "/favicon.ico". Maybe you forgot to add the matching route in your routing configuration? [] []
[2012-10-31 18:02:30] myapp.INFO: < 404 [] []
[2012-10-31 18:02:30] myapp.INFO: > GET /_pipe/asset/screen.less [] []
[2012-10-31 18:02:30] myapp.ERROR: Asset /Users/chh/Projects/spark-app/config/../app/assets/stylesheets/./http://fonts.googleapis.com/css?family=Lato:300,400,700,900,300italic,400italic,700italic,900italic not found [] []
[2012-10-31 18:02:30] myapp.INFO: < 500 [] []
[2012-10-31 18:02:30] myapp.INFO: > GET /_pipe/asset/screen.less [] []
[2012-10-31 18:02:30] myapp.ERROR: Asset /Users/chh/Projects/spark-app/config/../app/assets/stylesheets/./http://fonts.googleapis.com/css?family=Lato:300,400,700,900,300italic,400italic,700italic,900italic not found [] []
[2012-10-31 18:02:30] myapp.INFO: < 500 [] []
[2012-10-31 18:02:30] myapp.INFO: > GET /_pipe/asset/application.coffee [] []
[2012-10-31 18:02:30] myapp.INFO: < 200 [] []
[2012-10-31 18:02:30] myapp.INFO: > GET /favicon.ico [] []
[2012-10-31 18:02:30] myapp.ERROR: Unable to find the controller for path "/favicon.ico". Maybe you forgot to add the matching route in your routing configuration? [] []
[2012-10-31 18:02:30] myapp.INFO: < 404 [] []
[2012-10-31 18:02:31] myapp.INFO: > GET /_pipe/asset/screen.less [] []
[2012-10-31 18:02:31] myapp.ERROR: Asset /Users/chh/Projects/spark-app/config/../app/assets/stylesheets/./http://fonts.googleapis.com/css?family=Lato:300,400,700,900,300italic,400italic,700italic,900italic not found [] []
[2012-10-31 18:02:31] myapp.INFO: < 500 [] []
[2012-10-31 18:02:31] myapp.INFO: > GET /_pipe/asset/screen.less [] []
[2012-10-31 18:02:31] myapp.ERROR: Asset /Users/chh/Projects/spark-app/config/../app/assets/stylesheets/./http://fonts.googleapis.com/css?family=Lato:300,400,700,900,300italic,400italic,700italic,900italic not found [] []
[2012-10-31 18:02:31] myapp.INFO: < 500 [] []
[2012-10-31 18:02:31] myapp.INFO: > GET /_pipe/asset/application.coffee [] []
[2012-10-31 18:02:31] myapp.INFO: < 200 [] []
[2012-10-31 18:02:31] myapp.INFO: > GET /favicon.ico [] []
[2012-10-31 18:02:31] myapp.ERROR: Unable to find the controller for path "/favicon.ico". Maybe you forgot to add the matching route in your routing configuration? [] []
[2012-10-31 18:02:31] myapp.INFO: < 404 [] []
[2012-10-31 18:02:31] myapp.INFO: > GET /_pipe/asset/screen.less [] []
[2012-10-31 18:02:31] myapp.ERROR: Asset /Users/chh/Projects/spark-app/config/../app/assets/stylesheets/./http://fonts.googleapis.com/css?family=Lato:300,400,700,900,300italic,400italic,700italic,900italic not found [] []
[2012-10-31 18:02:31] myapp.INFO: < 500 [] []
[2012-10-31 18:02:31] myapp.INFO: > GET /_pipe/asset/screen.less [] []
[2012-10-31 18:02:31] myapp.ERROR: Asset /Users/chh/Projects/spark-app/config/../app/assets/stylesheets/./http://fonts.googleapis.com/css?family=Lato:300,400,700,900,300italic,400italic,700italic,900italic not found [] []
[2012-10-31 18:02:31] myapp.INFO: < 500 [] []
[2012-10-31 18:02:31] myapp.INFO: > GET /_pipe/asset/application.coffee [] []
[2012-10-31 18:02:32] myapp.INFO: < 200 [] []
[2012-10-31 18:02:32] myapp.INFO: > GET /favicon.ico [] []
[2012-10-31 18:02:32] myapp.ERROR: Unable to find the controller for path "/favicon.ico". Maybe you forgot to add the matching route in your routing configuration? [] []
[2012-10-31 18:02:32] myapp.INFO: < 404 [] []
[2012-10-31 18:02:32] myapp.INFO: > GET /_pipe/asset/screen.less [] []
[2012-10-31 18:02:32] myapp.ERROR: Asset /Users/chh/Projects/spark-app/config/../app/assets/stylesheets/./http://fonts.googleapis.com/css?family=Lato:300,400,700,900,300italic,400italic,700italic,900italic not found [] []
[2012-10-31 18:02:32] myapp.INFO: < 500 [] []
[2012-10-31 18:02:32] myapp.INFO: > GET /_pipe/asset/application.coffee [] []
[2012-10-31 18:02:32] myapp.INFO: < 200 [] []
[2012-10-31 18:02:32] myapp.INFO: > GET /_pipe/asset/screen.less [] []
[2012-10-31 18:02:32] myapp.ERROR: Asset /Users/chh/Projects/spark-app/config/../app/assets/stylesheets/./http://fonts.googleapis.com/css?family=Lato:300,400,700,900,300italic,400italic,700italic,900italic not found [] []
[2012-10-31 18:02:32] myapp.INFO: < 500 [] []
[2012-10-31 18:02:32] myapp.INFO: > GET /_pipe/asset/screen.less [] []
[2012-10-31 18:02:32] myapp.ERROR: Asset /Users/chh/Projects/spark-app/config/../app/assets/stylesheets/./http://fonts.googleapis.com/css?family=Lato:300,400,700,900,300italic,400italic,700italic,900italic not found [] []
[2012-10-31 18:02:32] myapp.INFO: < 500 [] []
[2012-10-31 18:02:32] myapp.INFO: > GET /favicon.ico [] []
[2012-10-31 18:02:32] myapp.ERROR: Unable to find the controller for path "/favicon.ico". Maybe you forgot to add the matching route in your routing configuration? [] []
[2012-10-31 18:02:32] myapp.INFO: < 404 [] []
[2012-10-31 18:02:32] myapp.INFO: > GET /_pipe/asset/application.coffee [] []
[2012-10-31 18:02:32] myapp.INFO: < 200 [] []
[2012-10-31 18:02:32] myapp.INFO: > GET /_pipe/asset/screen.less [] []
[2012-10-31 18:02:32] myapp.ERROR: Asset /Users/chh/Projects/spark-app/config/../app/assets/stylesheets/./http://fonts.googleapis.com/css?family=Lato:300,400,700,900,300italic,400italic,700italic,900italic not found [] []
[2012-10-31 18:02:33] myapp.INFO: < 500 [] []
[2012-10-31 18:02:33] myapp.INFO: > GET /_pipe/asset/screen.less [] []
[2012-10-31 18:02:33] myapp.ERROR: Asset /Users/chh/Projects/spark-app/config/../app/assets/stylesheets/./http://fonts.googleapis.com/css?family=Lato:300,400,700,900,300italic,400italic,700italic,900italic not found [] []
[2012-10-31 18:02:33] myapp.INFO: < 500 [] []
[2012-10-31 18:02:33] myapp.INFO: > GET /favicon.ico [] []
[2012-10-31 18:02:33] myapp.ERROR: Unable to find the controller for path "/favicon.ico". Maybe you forgot to add the matching route in your routing configuration? [] []
[2012-10-31 18:02:33] myapp.INFO: < 404 [] []
[2012-10-31 18:02:33] myapp.INFO: > GET /_pipe/asset/application.coffee [] []
[2012-10-31 18:02:33] myapp.INFO: < 200 [] []
[2012-10-31 18:02:33] myapp.INFO: > GET /_pipe/asset/screen.less [] []
[2012-10-31 18:02:33] myapp.ERROR: Asset /Users/chh/Projects/spark-app/config/../app/assets/stylesheets/./http://fonts.googleapis.com/css?family=Lato:300,400,700,900,300italic,400italic,700italic,900italic not found [] []
[2012-10-31 18:02:33] myapp.INFO: < 500 [] []
[2012-10-31 18:02:33] myapp.INFO: > GET /_pipe/asset/screen.less [] []
[2012-10-31 18:02:33] myapp.ERROR: Asset /Users/chh/Projects/spark-app/config/../app/assets/stylesheets/./http://fonts.googleapis.com/css?family=Lato:300,400,700,900,300italic,400italic,700italic,900italic not found [] []
[2012-10-31 18:02:33] myapp.INFO: < 500 [] []
[2012-10-31 18:02:33] myapp.INFO: > GET /favicon.ico [] []
[2012-10-31 18:02:33] myapp.ERROR: Unable to find the controller for path "/favicon.ico". Maybe you forgot to add the matching route in your routing configuration? [] []
[2012-10-31 18:02:33] myapp.INFO: < 404 [] []
[2012-10-31 18:02:33] myapp.INFO: > GET /_pipe/asset/application.coffee [] []
[2012-10-31 18:02:33] myapp.INFO: < 200 [] []
[2012-10-31 18:02:33] myapp.INFO: > GET /_pipe/asset/screen.less [] []
[2012-10-31 18:02:33] myapp.ERROR: Asset /Users/chh/Projects/spark-app/config/../app/assets/stylesheets/./http://fonts.googleapis.com/css?family=Lato:300,400,700,900,300italic,400italic,700italic,900italic not found [] []
[2012-10-31 18:02:33] myapp.INFO: < 500 [] []
[2012-10-31 18:02:33] myapp.INFO: > GET /favicon.ico [] []
[2012-10-31 18:02:33] myapp.ERROR: Unable to find the controller for path "/favicon.ico". Maybe you forgot to add the matching route in your routing configuration? [] []
[2012-10-31 18:02:33] myapp.INFO: < 404 [] []
[2012-10-31 18:02:34] myapp.INFO: > GET /_pipe/asset/screen.less [] []
[2012-10-31 18:02:34] myapp.ERROR: Asset /Users/chh/Projects/spark-app/config/../app/assets/stylesheets/./http://fonts.googleapis.com/css?family=Lato:300,400,700,900,300italic,400italic,700italic,900italic not found [] []
[2012-10-31 18:02:34] myapp.INFO: < 500 [] []
[2012-10-31 18:02:34] myapp.INFO: > GET /_pipe/asset/screen.less [] []
[2012-10-31 18:02:34] myapp.ERROR: Asset /Users/chh/Projects/spark-app/config/../app/assets/stylesheets/./http://fonts.googleapis.com/css?family=Lato:300,400,700,900,300italic,400italic,700italic,900italic not found [] []
[2012-10-31 18:02:34] myapp.INFO: < 500 [] []
[2012-10-31 18:02:34] myapp.INFO: > GET /_pipe/asset/application.coffee [] []
[2012-10-31 18:02:34] myapp.INFO: < 200 [] []
[2012-10-31 18:02:34] myapp.INFO: > GET /favicon.ico [] []
[2012-10-31 18:02:34] myapp.ERROR: Unable to find the controller for path "/favicon.ico". Maybe you forgot to add the matching route in your routing configuration? [] []
[2012-10-31 18:02:34] myapp.INFO: < 404 [] []
[2012-10-31 18:02:55] myapp.INFO: > GET /_pipe/asset/screen.less [] []
[2012-10-31 18:02:55] myapp.ERROR: Asset /Users/chh/Projects/spark-app/config/../app/assets/stylesheets/./http://fonts.googleapis.com/css?family=Lato:300,400,700,900,300italic,400italic,700italic,900italic not found [] []
[2012-10-31 18:02:55] myapp.INFO: < 500 [] []
[2012-10-31 18:02:55] myapp.INFO: > GET /_pipe/asset/screen.less [] []
[2012-10-31 18:02:55] myapp.ERROR: Asset /Users/chh/Projects/spark-app/config/../app/assets/stylesheets/./http://fonts.googleapis.com/css?family=Lato:300,400,700,900,300italic,400italic,700italic,900italic not found [] []
[2012-10-31 18:02:55] myapp.INFO: < 500 [] []
[2012-10-31 18:02:55] myapp.INFO: > GET /_pipe/asset/application.coffee [] []
[2012-10-31 18:02:55] myapp.INFO: < 200 [] []
[2012-10-31 18:02:55] myapp.INFO: > GET /favicon.ico [] []
[2012-10-31 18:02:55] myapp.ERROR: Unable to find the controller for path "/favicon.ico". Maybe you forgot to add the matching route in your routing configuration? [] []
[2012-10-31 18:02:55] myapp.INFO: < 404 [] []
[2012-10-31 18:03:24] myapp.INFO: > GET /_pipe/asset/screen.less [] []
[2012-10-31 18:03:24] myapp.ERROR: Asset /Users/chh/Projects/spark-app/config/../app/assets/stylesheets/./http://fonts.googleapis.com/css?family=Lato:300,400,700,900,300italic,400italic,700italic,900italic not found [] []
[2012-10-31 18:03:24] myapp.INFO: < 500 [] []
[2012-10-31 18:03:24] myapp.INFO: > GET /_pipe/asset/screen.less [] []
[2012-10-31 18:03:24] myapp.ERROR: Asset /Users/chh/Projects/spark-app/config/../app/assets/stylesheets/./http://fonts.googleapis.com/css?family=Lato:300,400,700,900,300italic,400italic,700italic,900italic not found [] []
[2012-10-31 18:03:24] myapp.INFO: < 500 [] []
[2012-10-31 18:03:24] myapp.INFO: > GET /_pipe/asset/application.coffee [] []
[2012-10-31 18:03:25] myapp.INFO: < 200 [] []
[2012-10-31 18:03:25] myapp.INFO: > GET /favicon.ico [] []
[2012-10-31 18:03:25] myapp.ERROR: Unable to find the controller for path "/favicon.ico". Maybe you forgot to add the matching route in your routing configuration? [] []
[2012-10-31 18:03:25] myapp.INFO: < 404 [] []
[2012-10-31 18:03:25] myapp.INFO: > GET /_pipe/asset/screen.less [] []
[2012-10-31 18:03:25] myapp.ERROR: Asset /Users/chh/Projects/spark-app/config/../app/assets/stylesheets/./http://fonts.googleapis.com/css?family=Lato:300,400,700,900,300italic,400italic,700italic,900italic not found [] []
[2012-10-31 18:03:25] myapp.INFO: < 500 [] []
[2012-10-31 18:03:25] myapp.INFO: > GET /_pipe/asset/screen.less [] []
[2012-10-31 18:03:25] myapp.ERROR: Asset /Users/chh/Projects/spark-app/config/../app/assets/stylesheets/./http://fonts.googleapis.com/css?family=Lato:300,400,700,900,300italic,400italic,700italic,900italic not found [] []
[2012-10-31 18:03:25] myapp.INFO: < 500 [] []
[2012-10-31 18:03:25] myapp.INFO: > GET /_pipe/asset/application.coffee [] []
[2012-10-31 18:03:25] myapp.INFO: < 200 [] []
[2012-10-31 18:03:26] myapp.INFO: > GET /favicon.ico [] []
[2012-10-31 18:03:26] myapp.ERROR: Unable to find the controller for path "/favicon.ico". Maybe you forgot to add the matching route in your routing configuration? [] []
[2012-10-31 18:03:26] myapp.INFO: < 404 [] []
[2012-10-31 18:04:34] myapp.INFO: > GET /_pipe/asset/screen.less [] []
[2012-10-31 18:04:34] myapp.ERROR: Asset /Users/chh/Projects/spark-app/config/../app/assets/stylesheets/./http://fonts.googleapis.com/css?family=Lato:300,400,700,900,300italic,400italic,700italic,900italic not found [] []
[2012-10-31 18:04:34] myapp.INFO: < 500 [] []
[2012-10-31 18:04:34] myapp.INFO: > GET /_pipe/asset/screen.less [] []
[2012-10-31 18:04:34] myapp.ERROR: Asset /Users/chh/Projects/spark-app/config/../app/assets/stylesheets/./http://fonts.googleapis.com/css?family=Lato:300,400,700,900,300italic,400italic,700italic,900italic not found [] []
[2012-10-31 18:04:34] myapp.INFO: < 500 [] []
[2012-10-31 18:04:34] myapp.INFO: > GET /_pipe/asset/application.coffee [] []
[2012-10-31 18:04:34] myapp.INFO: < 200 [] []
[2012-10-31 18:04:34] myapp.INFO: > GET /favicon.ico [] []
[2012-10-31 18:04:34] myapp.ERROR: Unable to find the controller for path "/favicon.ico". Maybe you forgot to add the matching route in your routing configuration? [] []
[2012-10-31 18:04:34] myapp.INFO: < 404 [] []
[2012-10-31 18:04:37] myapp.INFO: > GET /_pipe/asset/screen.less [] []
[2012-10-31 18:04:37] myapp.ERROR: Asset /Users/chh/Projects/spark-app/config/../app/assets/stylesheets/./http://fonts.googleapis.com/css?family=Lato:300,400,700,900,300italic,400italic,700italic,900italic not found [] []
[2012-10-31 18:04:37] myapp.INFO: < 500 [] []
[2012-10-31 18:04:37] myapp.INFO: > GET /_pipe/asset/screen.less [] []
[2012-10-31 18:04:37] myapp.ERROR: Asset /Users/chh/Projects/spark-app/config/../app/assets/stylesheets/./http://fonts.googleapis.com/css?family=Lato:300,400,700,900,300italic,400italic,700italic,900italic not found [] []
[2012-10-31 18:04:37] myapp.INFO: < 500 [] []
[2012-10-31 18:04:37] myapp.INFO: > GET /_pipe/asset/application.coffee [] []
[2012-10-31 18:04:37] myapp.INFO: < 200 [] []
[2012-10-31 18:04:37] myapp.INFO: > GET /favicon.ico [] []
[2012-10-31 18:04:37] myapp.ERROR: Unable to find the controller for path "/favicon.ico". Maybe you forgot to add the matching route in your routing configuration? [] []
[2012-10-31 18:04:37] myapp.INFO: < 404 [] []
[2012-10-31 18:05:11] myapp.INFO: > GET /_pipe/asset/screen.less [] []
[2012-10-31 18:05:11] myapp.ERROR: Asset /Users/chh/Projects/spark-app/config/../app/assets/stylesheets/./http://fonts.googleapis.com/css?family=Lato:300,400,700,900,300italic,400italic,700italic,900italic not found [] []
[2012-10-31 18:05:11] myapp.INFO: < 500 [] []
[2012-10-31 18:05:11] myapp.INFO: > GET /_pipe/asset/screen.less [] []
[2012-10-31 18:05:11] myapp.ERROR: Asset /Users/chh/Projects/spark-app/config/../app/assets/stylesheets/./http://fonts.googleapis.com/css?family=Lato:300,400,700,900,300italic,400italic,700italic,900italic not found [] []
[2012-10-31 18:05:11] myapp.INFO: < 500 [] []
[2012-10-31 18:05:11] myapp.INFO: > GET /_pipe/asset/application.coffee [] []
[2012-10-31 18:05:11] myapp.INFO: < 200 [] []
[2012-10-31 18:05:11] myapp.INFO: > GET /favicon.ico [] []
[2012-10-31 18:05:11] myapp.ERROR: Unable to find the controller for path "/favicon.ico". Maybe you forgot to add the matching route in your routing configuration? [] []
[2012-10-31 18:05:11] myapp.INFO: < 404 [] []
[2012-10-31 18:07:08] myapp.INFO: > GET /_pipe/asset/screen.less [] []
[2012-10-31 18:07:08] myapp.INFO: < 200 [] []
[2012-10-31 18:07:08] myapp.INFO: > GET /favicon.ico [] []
[2012-10-31 18:07:08] myapp.ERROR: Unable to find the controller for path "/favicon.ico". Maybe you forgot to add the matching route in your routing configuration? [] []
[2012-10-31 18:07:08] myapp.INFO: < 404 [] []
[2012-10-31 18:08:07] myapp.INFO: > GET /_pipe/asset/screen.less [] []
[2012-10-31 18:08:07] myapp.INFO: < 200 [] []
[2012-10-31 18:08:07] myapp.INFO: > GET /favicon.ico [] []
[2012-10-31 18:08:07] myapp.ERROR: Unable to find the controller for path "/favicon.ico". Maybe you forgot to add the matching route in your routing configuration? [] []
[2012-10-31 18:08:07] myapp.INFO: < 404 [] []
[2012-11-01 20:12:16] myapp.INFO: > GET / [] []
[2012-11-01 20:12:16] myapp.INFO: < 200 [] []
[2012-11-01 20:12:17] myapp.INFO: > GET /_pipe/asset/screen.less [] []
[2012-11-01 20:12:17] myapp.INFO: < 200 [] []
[2012-11-01 20:12:17] myapp.INFO: > GET /_pipe/asset/application.coffee [] []
[2012-11-01 20:12:17] myapp.INFO: < 200 [] []
[2012-11-01 20:12:17] myapp.INFO: > GET /favicon.ico [] []
[2012-11-01 20:12:17] myapp.ERROR: Symfony\Component\HttpKernel\Exception\NotFoundHttpException: Unable to find the controller for path "/favicon.ico". Maybe you forgot to add the matching route in your routing configuration? (uncaught exception) at /Users/chh/Projects/spark-app/vendor/symfony/http-kernel/Symfony/Component/HttpKernel/HttpKernel.php line 118 [] []
[2012-11-01 20:12:17] myapp.INFO: < 404 [] []
[2012-11-01 20:12:24] myapp.INFO: > GET /api [] []
[2012-11-01 20:12:24] myapp.INFO: < 200 [] []
[2012-11-01 20:12:25] myapp.INFO: > GET /favicon.ico [] []
[2012-11-01 20:12:25] myapp.ERROR: Symfony\Component\HttpKernel\Exception\NotFoundHttpException: Unable to find the controller for path "/favicon.ico". Maybe you forgot to add the matching route in your routing configuration? (uncaught exception) at /Users/chh/Projects/spark-app/vendor/symfony/http-kernel/Symfony/Component/HttpKernel/HttpKernel.php line 118 [] []
[2012-11-01 20:12:25] myapp.INFO: < 404 [] []
[2012-11-01 20:13:06] myapp.INFO: > GET /api [] []
[2012-11-01 20:13:06] myapp.INFO: < 200 [] []
[2012-11-01 20:13:06] myapp.INFO: > GET /favicon.ico [] []
[2012-11-01 20:13:06] myapp.ERROR: Symfony\Component\HttpKernel\Exception\NotFoundHttpException: Unable to find the controller for path "/favicon.ico". Maybe you forgot to add the matching route in your routing configuration? (uncaught exception) at /Users/chh/Projects/spark-app/vendor/symfony/http-kernel/Symfony/Component/HttpKernel/HttpKernel.php line 118 [] []
[2012-11-01 20:13:06] myapp.INFO: < 404 [] []
[2012-11-01 20:13:43] myapp.INFO: > GET /api [] []
[2012-11-01 20:13:43] myapp.INFO: < 200 [] []
[2012-11-01 20:13:43] myapp.INFO: > GET /favicon.ico [] []
[2012-11-01 20:13:43] myapp.ERROR: Symfony\Component\HttpKernel\Exception\NotFoundHttpException: Unable to find the controller for path "/favicon.ico". Maybe you forgot to add the matching route in your routing configuration? (uncaught exception) at /Users/chh/Projects/spark-app/vendor/symfony/http-kernel/Symfony/Component/HttpKernel/HttpKernel.php line 118 [] []
[2012-11-01 20:13:43] myapp.INFO: < 404 [] []
[2012-11-01 20:14:19] myapp.INFO: > GET /api [] []
[2012-11-01 20:14:19] myapp.INFO: < 200 [] []
[2012-11-01 20:14:19] myapp.INFO: > GET /favicon.ico [] []
[2012-11-01 20:14:19] myapp.ERROR: Symfony\Component\HttpKernel\Exception\NotFoundHttpException: Unable to find the controller for path "/favicon.ico". Maybe you forgot to add the matching route in your routing configuration? (uncaught exception) at /Users/chh/Projects/spark-app/vendor/symfony/http-kernel/Symfony/Component/HttpKernel/HttpKernel.php line 118 [] []
[2012-11-01 20:14:19] myapp.INFO: < 404 [] []
[2012-11-01 20:19:00] myapp.INFO: > GET /api [] []
[2012-11-01 20:19:00] myapp.INFO: < 200 [] []
[2012-11-01 20:19:00] myapp.INFO: > GET /favicon.ico [] []
[2012-11-01 20:19:00] myapp.ERROR: Symfony\Component\HttpKernel\Exception\NotFoundHttpException: Unable to find the controller for path "/favicon.ico". Maybe you forgot to add the matching route in your routing configuration? (uncaught exception) at /Users/chh/Projects/spark-app/vendor/symfony/http-kernel/Symfony/Component/HttpKernel/HttpKernel.php line 118 [] []
[2012-11-01 20:19:00] myapp.INFO: < 404 [] []
[2012-11-01 20:20:52] myapp.INFO: > GET /api [] []
[2012-11-01 20:20:52] myapp.INFO: < 200 [] []
[2012-11-01 20:20:52] myapp.INFO: > GET /favicon.ico [] []
[2012-11-01 20:20:52] myapp.ERROR: Symfony\Component\HttpKernel\Exception\NotFoundHttpException: Unable to find the controller for path "/favicon.ico". Maybe you forgot to add the matching route in your routing configuration? (uncaught exception) at /Users/chh/Projects/spark-app/vendor/symfony/http-kernel/Symfony/Component/HttpKernel/HttpKernel.php line 118 [] []
[2012-11-01 20:20:52] myapp.INFO: < 404 [] []
[2012-11-01 20:21:47] myapp.INFO: > GET /api [] []
[2012-11-01 20:21:47] myapp.INFO: < 200 [] []
[2012-11-01 20:21:47] myapp.INFO: > GET /favicon.ico [] []
[2012-11-01 20:21:47] myapp.ERROR: Symfony\Component\HttpKernel\Exception\NotFoundHttpException: Unable to find the controller for path "/favicon.ico". Maybe you forgot to add the matching route in your routing configuration? (uncaught exception) at /Users/chh/Projects/spark-app/vendor/symfony/http-kernel/Symfony/Component/HttpKernel/HttpKernel.php line 118 [] []
[2012-11-01 20:21:47] myapp.INFO: < 404 [] []
[2012-11-01 20:21:54] myapp.INFO: > GET /api [] []
[2012-11-01 20:21:54] myapp.INFO: < 200 [] []
[2012-11-01 20:21:54] myapp.INFO: > GET /favicon.ico [] []
[2012-11-01 20:21:54] myapp.ERROR: Symfony\Component\HttpKernel\Exception\NotFoundHttpException: Unable to find the controller for path "/favicon.ico". Maybe you forgot to add the matching route in your routing configuration? (uncaught exception) at /Users/chh/Projects/spark-app/vendor/symfony/http-kernel/Symfony/Component/HttpKernel/HttpKernel.php line 118 [] []
[2012-11-01 20:21:54] myapp.INFO: < 404 [] []
[2012-11-01 20:21:57] myapp.INFO: > GET /api [] []
[2012-11-01 20:21:57] myapp.INFO: < 200 [] []
[2012-11-01 20:21:57] myapp.INFO: > GET /favicon.ico [] []
[2012-11-01 20:21:57] myapp.ERROR: Symfony\Component\HttpKernel\Exception\NotFoundHttpException: Unable to find the controller for path "/favicon.ico". Maybe you forgot to add the matching route in your routing configuration? (uncaught exception) at /Users/chh/Projects/spark-app/vendor/symfony/http-kernel/Symfony/Component/HttpKernel/HttpKernel.php line 118 [] []
[2012-11-01 20:21:57] myapp.INFO: < 404 [] []
[2012-11-01 20:22:08] myapp.INFO: > GET /api [] []
[2012-11-01 20:22:08] myapp.INFO: < 200 [] []
[2012-11-01 20:22:09] myapp.INFO: > GET /favicon.ico [] []
[2012-11-01 20:22:09] myapp.ERROR: Symfony\Component\HttpKernel\Exception\NotFoundHttpException: Unable to find the controller for path "/favicon.ico". Maybe you forgot to add the matching route in your routing configuration? (uncaught exception) at /Users/chh/Projects/spark-app/vendor/symfony/http-kernel/Symfony/Component/HttpKernel/HttpKernel.php line 118 [] []
[2012-11-01 20:22:09] myapp.INFO: < 404 [] []
[2012-11-01 20:22:12] myapp.INFO: > GET /api [] []
[2012-11-01 20:22:12] myapp.INFO: < 200 [] []
[2012-11-01 20:22:13] myapp.INFO: > GET /favicon.ico [] []
[2012-11-01 20:22:13] myapp.ERROR: Symfony\Component\HttpKernel\Exception\NotFoundHttpException: Unable to find the controller for path "/favicon.ico". Maybe you forgot to add the matching route in your routing configuration? (uncaught exception) at /Users/chh/Projects/spark-app/vendor/symfony/http-kernel/Symfony/Component/HttpKernel/HttpKernel.php line 118 [] []
[2012-11-01 20:22:13] myapp.INFO: < 404 [] []
[2012-11-01 20:22:17] myapp.INFO: > GET /api [] []
[2012-11-01 20:22:17] myapp.INFO: < 200 [] []
[2012-11-01 20:22:17] myapp.INFO: > GET /favicon.ico [] []
[2012-11-01 20:22:17] myapp.ERROR: Symfony\Component\HttpKernel\Exception\NotFoundHttpException: Unable to find the controller for path "/favicon.ico". Maybe you forgot to add the matching route in your routing configuration? (uncaught exception) at /Users/chh/Projects/spark-app/vendor/symfony/http-kernel/Symfony/Component/HttpKernel/HttpKernel.php line 118 [] []
[2012-11-01 20:22:17] myapp.INFO: < 404 [] []
[2012-11-01 20:23:44] myapp.INFO: > GET /api [] []
[2012-11-01 20:23:44] myapp.INFO: < 200 [] []
[2012-11-01 20:23:45] myapp.INFO: > GET /favicon.ico [] []
[2012-11-01 20:23:45] myapp.ERROR: Symfony\Component\HttpKernel\Exception\NotFoundHttpException: Unable to find the controller for path "/favicon.ico". Maybe you forgot to add the matching route in your routing configuration? (uncaught exception) at /Users/chh/Projects/spark-app/vendor/symfony/http-kernel/Symfony/Component/HttpKernel/HttpKernel.php line 118 [] []
[2012-11-01 20:23:45] myapp.INFO: < 404 [] []
[2012-11-01 20:26:03] myapp.INFO: > GET /api [] []
[2012-11-01 20:26:03] myapp.INFO: < 200 [] []
[2012-11-01 20:26:04] myapp.INFO: > GET /favicon.ico [] []
[2012-11-01 20:26:04] myapp.ERROR: Symfony\Component\HttpKernel\Exception\NotFoundHttpException: Unable to find the controller for path "/favicon.ico". Maybe you forgot to add the matching route in your routing configuration? (uncaught exception) at /Users/chh/Projects/spark-app/vendor/symfony/http-kernel/Symfony/Component/HttpKernel/HttpKernel.php line 118 [] []
[2012-11-01 20:26:04] myapp.INFO: < 404 [] []
[2012-11-01 20:26:34] myapp.INFO: > GET /api [] []
[2012-11-01 20:26:34] myapp.INFO: < 200 [] []
[2012-11-01 20:26:35] myapp.INFO: > GET /favicon.ico [] []
[2012-11-01 20:26:35] myapp.ERROR: Symfony\Component\HttpKernel\Exception\NotFoundHttpException: Unable to find the controller for path "/favicon.ico". Maybe you forgot to add the matching route in your routing configuration? (uncaught exception) at /Users/chh/Projects/spark-app/vendor/symfony/http-kernel/Symfony/Component/HttpKernel/HttpKernel.php line 118 [] []
[2012-11-01 20:26:35] myapp.INFO: < 404 [] []
[2012-11-01 20:26:46] myapp.INFO: > GET /api [] []
[2012-11-01 20:26:46] myapp.INFO: < 200 [] []
[2012-11-01 20:26:46] myapp.INFO: > GET /favicon.ico [] []
[2012-11-01 20:26:46] myapp.ERROR: Symfony\Component\HttpKernel\Exception\NotFoundHttpException: Unable to find the controller for path "/favicon.ico". Maybe you forgot to add the matching route in your routing configuration? (uncaught exception) at /Users/chh/Projects/spark-app/vendor/symfony/http-kernel/Symfony/Component/HttpKernel/HttpKernel.php line 118 [] []
[2012-11-01 20:26:46] myapp.INFO: < 404 [] []
[2012-11-01 20:29:15] myapp.INFO: > GET /api [] []
[2012-11-01 20:29:15] myapp.INFO: < 200 [] []
[2012-11-01 20:29:15] myapp.INFO: > GET /favicon.ico [] []
[2012-11-01 20:29:15] myapp.ERROR: Symfony\Component\HttpKernel\Exception\NotFoundHttpException: Unable to find the controller for path "/favicon.ico". Maybe you forgot to add the matching route in your routing configuration? (uncaught exception) at /Users/chh/Projects/spark-app/vendor/symfony/http-kernel/Symfony/Component/HttpKernel/HttpKernel.php line 118 [] []
[2012-11-01 20:29:15] myapp.INFO: < 404 [] []
[2012-11-02 10:49:38] myapp.INFO: > GET /api [] []
[2012-11-02 10:49:38] myapp.INFO: < 200 [] []
[2012-11-02 10:49:38] myapp.INFO: > GET /favicon.ico [] []
[2012-11-02 10:49:38] myapp.ERROR: Symfony\Component\HttpKernel\Exception\NotFoundHttpException: Unable to find the controller for path "/favicon.ico". Maybe you forgot to add the matching route in your routing configuration? (uncaught exception) at /Users/chh/Projects/spark-app/vendor/symfony/http-kernel/Symfony/Component/HttpKernel/HttpKernel.php line 118 [] []
[2012-11-02 10:49:38] myapp.INFO: < 404 [] []
[2012-11-02 10:49:40] myapp.INFO: > GET / [] []
[2012-11-02 10:49:40] myapp.INFO: < 200 [] []
[2012-11-02 10:49:40] myapp.INFO: > GET /_pipe/asset/screen.less [] []
[2012-11-02 10:49:41] myapp.INFO: < 200 [] []
[2012-11-02 10:49:41] myapp.INFO: > GET /_pipe/asset/application.coffee [] []
[2012-11-02 10:49:41] myapp.INFO: < 200 [] []
[2012-11-02 10:49:41] myapp.INFO: > GET /favicon.ico [] []
[2012-11-02 10:49:41] myapp.ERROR: Symfony\Component\HttpKernel\Exception\NotFoundHttpException: Unable to find the controller for path "/favicon.ico". Maybe you forgot to add the matching route in your routing configuration? (uncaught exception) at /Users/chh/Projects/spark-app/vendor/symfony/http-kernel/Symfony/Component/HttpKernel/HttpKernel.php line 118 [] []
[2012-11-02 10:49:41] myapp.INFO: < 404 [] []
[2012-11-02 10:49:43] myapp.INFO: > GET /posts/new [] []
[2012-11-02 10:49:43] myapp.INFO: < 200 [] []
[2012-11-02 10:49:43] myapp.INFO: > GET /_pipe/asset/screen.less [] []
[2012-11-02 10:49:44] myapp.INFO: < 200 [] []
[2012-11-02 10:49:44] myapp.INFO: > GET /_pipe/asset/application.coffee [] []
[2012-11-02 10:49:44] myapp.INFO: < 200 [] []
[2012-11-02 10:49:44] myapp.INFO: > GET /favicon.ico [] []
[2012-11-02 10:49:44] myapp.ERROR: Symfony\Component\HttpKernel\Exception\NotFoundHttpException: Unable to find the controller for path "/favicon.ico". Maybe you forgot to add the matching route in your routing configuration? (uncaught exception) at /Users/chh/Projects/spark-app/vendor/symfony/http-kernel/Symfony/Component/HttpKernel/HttpKernel.php line 118 [] []
[2012-11-02 10:49:44] myapp.INFO: < 404 [] []
[2012-11-02 10:50:04] myapp.INFO: > GET / [] []
[2012-11-02 10:50:04] myapp.INFO: < 200 [] []
[2012-11-02 10:50:04] myapp.INFO: > GET /_pipe/asset/screen.less [] []
[2012-11-02 10:50:04] myapp.INFO: < 200 [] []
[2012-11-02 10:50:04] myapp.INFO: > GET /_pipe/asset/application.coffee [] []
[2012-11-02 10:50:04] myapp.INFO: < 200 [] []
[2012-11-02 10:50:04] myapp.INFO: > GET /favicon.ico [] []
[2012-11-02 10:50:04] myapp.ERROR: Symfony\Component\HttpKernel\Exception\NotFoundHttpException: Unable to find the controller for path "/favicon.ico". Maybe you forgot to add the matching route in your routing configuration? (uncaught exception) at /Users/chh/Projects/spark-app/vendor/symfony/http-kernel/Symfony/Component/HttpKernel/HttpKernel.php line 118 [] []
[2012-11-02 10:50:04] myapp.INFO: < 404 [] []
[2012-11-02 10:52:47] myapp.INFO: > GET / [] []
[2012-11-02 10:52:47] myapp.INFO: < 200 [] []
[2012-11-02 10:52:47] myapp.INFO: > GET /_pipe/asset/screen.less [] []
[2012-11-02 10:52:47] myapp.INFO: < 200 [] []
[2012-11-02 10:52:47] myapp.INFO: > GET /_pipe/asset/application.coffee [] []
[2012-11-02 10:52:47] myapp.INFO: < 200 [] []
[2012-11-02 10:52:47] myapp.INFO: > GET /posts/505d801eb3b6825243000007 [] []
[2012-11-02 10:52:47] myapp.CRITICAL: Symfony\Component\Routing\Exception\InvalidParameterException: Parameter "id" for route "posts_edit" must match "[^/]++" ("" given). (uncaught exception) at /Users/chh/Projects/spark-app/vendor/symfony/routing/Symfony/Component/Routing/Generator/UrlGenerator.php line 151 [] []
[2012-11-02 10:52:47] myapp.INFO: < 500 [] []
[2012-11-02 10:52:47] myapp.INFO: > GET /favicon.ico [] []
[2012-11-02 10:52:47] myapp.ERROR: Symfony\Component\HttpKernel\Exception\NotFoundHttpException: Unable to find the controller for path "/favicon.ico". Maybe you forgot to add the matching route in your routing configuration? (uncaught exception) at /Users/chh/Projects/spark-app/vendor/symfony/http-kernel/Symfony/Component/HttpKernel/HttpKernel.php line 118 [] []
[2012-11-02 10:52:47] myapp.INFO: < 404 [] []
[2012-11-02 10:52:52] myapp.INFO: > GET /favicon.ico [] []
[2012-11-02 10:52:52] myapp.ERROR: Symfony\Component\HttpKernel\Exception\NotFoundHttpException: Unable to find the controller for path "/favicon.ico". Maybe you forgot to add the matching route in your routing configuration? (uncaught exception) at /Users/chh/Projects/spark-app/vendor/symfony/http-kernel/Symfony/Component/HttpKernel/HttpKernel.php line 118 [] []
[2012-11-02 10:52:52] myapp.INFO: < 404 [] []
[2012-11-02 10:53:12] myapp.INFO: > GET /posts/505d801eb3b6825243000007 [] []
[2012-11-02 10:53:12] myapp.INFO: < 200 [] []
[2012-11-02 10:53:12] myapp.INFO: > GET /_pipe/asset/screen.less [] []
[2012-11-02 10:53:12] myapp.INFO: < 200 [] []
[2012-11-02 10:53:12] myapp.INFO: > GET /_pipe/asset/application.coffee [] []
[2012-11-02 10:53:12] myapp.INFO: < 200 [] []
[2012-11-02 10:53:16] myapp.INFO: > GET /favicon.ico [] []
[2012-11-02 10:53:16] myapp.ERROR: Symfony\Component\HttpKernel\Exception\NotFoundHttpException: Unable to find the controller for path "/favicon.ico". Maybe you forgot to add the matching route in your routing configuration? (uncaught exception) at /Users/chh/Projects/spark-app/vendor/symfony/http-kernel/Symfony/Component/HttpKernel/HttpKernel.php line 118 [] []
[2012-11-02 10:53:16] myapp.INFO: < 404 [] []
[2012-11-02 10:53:28] myapp.INFO: > GET /posts/505d801eb3b6825243000007 [] []
[2012-11-02 10:53:28] myapp.CRITICAL: Symfony\Component\Routing\Exception\InvalidParameterException: Parameter "id" for route "posts_edit" must match "[^/]++" ("" given). (uncaught exception) at /Users/chh/Projects/spark-app/vendor/symfony/routing/Symfony/Component/Routing/Generator/UrlGenerator.php line 151 [] []
[2012-11-02 10:53:28] myapp.INFO: < 500 [] []
[2012-11-02 10:53:28] myapp.INFO: > GET /_pipe/asset/application.coffee [] []
[2012-11-02 10:53:28] myapp.INFO: < 200 [] []
[2012-11-02 10:53:28] myapp.INFO: > GET /favicon.ico [] []
[2012-11-02 10:53:28] myapp.ERROR: Symfony\Component\HttpKernel\Exception\NotFoundHttpException: Unable to find the controller for path "/favicon.ico". Maybe you forgot to add the matching route in your routing configuration? (uncaught exception) at /Users/chh/Projects/spark-app/vendor/symfony/http-kernel/Symfony/Component/HttpKernel/HttpKernel.php line 118 [] []
[2012-11-02 10:53:28] myapp.INFO: < 404 [] []
[2012-11-02 10:53:29] myapp.INFO: > GET /posts/505d801eb3b6825243000007 [] []
[2012-11-02 10:53:29] myapp.CRITICAL: Symfony\Component\Routing\Exception\InvalidParameterException: Parameter "id" for route "posts_edit" must match "[^/]++" ("" given). (uncaught exception) at /Users/chh/Projects/spark-app/vendor/symfony/routing/Symfony/Component/Routing/Generator/UrlGenerator.php line 151 [] []
[2012-11-02 10:53:29] myapp.INFO: < 500 [] []
[2012-11-02 10:53:29] myapp.INFO: > GET /_pipe/asset/application.coffee [] []
[2012-11-02 10:53:29] myapp.INFO: < 200 [] []
[2012-11-02 10:53:30] myapp.INFO: > GET /favicon.ico [] []
[2012-11-02 10:53:30] myapp.ERROR: Symfony\Component\HttpKernel\Exception\NotFoundHttpException: Unable to find the controller for path "/favicon.ico". Maybe you forgot to add the matching route in your routing configuration? (uncaught exception) at /Users/chh/Projects/spark-app/vendor/symfony/http-kernel/Symfony/Component/HttpKernel/HttpKernel.php line 118 [] []
[2012-11-02 10:53:30] myapp.INFO: < 404 [] []
[2012-11-02 10:53:57] myapp.INFO: > GET /posts/505d801eb3b6825243000007 [] []
[2012-11-02 10:53:57] myapp.INFO: < 200 [] []
[2012-11-02 10:53:57] myapp.INFO: > GET /_pipe/asset/screen.less [] []
[2012-11-02 10:53:57] myapp.INFO: < 200 [] []
[2012-11-02 10:53:57] myapp.INFO: > GET /_pipe/asset/application.coffee [] []
[2012-11-02 10:53:57] myapp.INFO: < 200 [] []
[2012-11-02 10:53:58] myapp.INFO: > GET /favicon.ico [] []
[2012-11-02 10:53:58] myapp.ERROR: Symfony\Component\HttpKernel\Exception\NotFoundHttpException: Unable to find the controller for path "/favicon.ico". Maybe you forgot to add the matching route in your routing configuration? (uncaught exception) at /Users/chh/Projects/spark-app/vendor/symfony/http-kernel/Symfony/Component/HttpKernel/HttpKernel.php line 118 [] []
[2012-11-02 10:53:58] myapp.INFO: < 404 [] []
[2012-11-02 10:53:59] myapp.INFO: > GET /posts/505d801eb3b6825243000007 [] []
[2012-11-02 10:53:59] myapp.INFO: < 200 [] []
[2012-11-02 10:53:59] myapp.INFO: > GET /_pipe/asset/screen.less [] []
[2012-11-02 10:53:59] myapp.INFO: < 200 [] []
[2012-11-02 10:53:59] myapp.INFO: > GET /_pipe/asset/application.coffee [] []
[2012-11-02 10:53:59] myapp.INFO: < 200 [] []
[2012-11-02 10:54:00] myapp.INFO: > GET /favicon.ico [] []
[2012-11-02 10:54:00] myapp.ERROR: Symfony\Component\HttpKernel\Exception\NotFoundHttpException: Unable to find the controller for path "/favicon.ico". Maybe you forgot to add the matching route in your routing configuration? (uncaught exception) at /Users/chh/Projects/spark-app/vendor/symfony/http-kernel/Symfony/Component/HttpKernel/HttpKernel.php line 118 [] []
[2012-11-02 10:54:00] myapp.INFO: < 404 [] []
[2012-11-02 10:54:05] myapp.INFO: > GET /posts/505d801eb3b6825243000007?_format=json [] []
[2012-11-02 10:54:05] myapp.INFO: < 200 [] []
[2012-11-02 10:54:05] myapp.INFO: > GET /favicon.ico [] []
[2012-11-02 10:54:05] myapp.ERROR: Symfony\Component\HttpKernel\Exception\NotFoundHttpException: Unable to find the controller for path "/favicon.ico". Maybe you forgot to add the matching route in your routing configuration? (uncaught exception) at /Users/chh/Projects/spark-app/vendor/symfony/http-kernel/Symfony/Component/HttpKernel/HttpKernel.php line 118 [] []
[2012-11-02 10:54:05] myapp.INFO: < 404 [] []
[2012-11-02 10:54:14] myapp.INFO: > GET /posts/505d801eb3b6825243000007?_format=json [] []
[2012-11-02 10:54:14] myapp.INFO: < 200 [] []
[2012-11-02 10:54:14] myapp.INFO: > GET /favicon.ico [] []
[2012-11-02 10:54:14] myapp.ERROR: Symfony\Component\HttpKernel\Exception\NotFoundHttpException: Unable to find the controller for path "/favicon.ico". Maybe you forgot to add the matching route in your routing configuration? (uncaught exception) at /Users/chh/Projects/spark-app/vendor/symfony/http-kernel/Symfony/Component/HttpKernel/HttpKernel.php line 118 [] []
[2012-11-02 10:54:14] myapp.INFO: < 404 [] []
[2012-11-02 10:54:15] myapp.INFO: > GET /posts/505d801eb3b6825243000007?_format=json [] []
[2012-11-02 10:54:15] myapp.INFO: < 200 [] []
[2012-11-02 10:54:15] myapp.INFO: > GET /favicon.ico [] []
[2012-11-02 10:54:15] myapp.ERROR: Symfony\Component\HttpKernel\Exception\NotFoundHttpException: Unable to find the controller for path "/favicon.ico". Maybe you forgot to add the matching route in your routing configuration? (uncaught exception) at /Users/chh/Projects/spark-app/vendor/symfony/http-kernel/Symfony/Component/HttpKernel/HttpKernel.php line 118 [] []
[2012-11-02 10:54:15] myapp.INFO: < 404 [] []
[2012-11-02 10:54:26] myapp.INFO: > GET /posts/505d801eb3b6825243000007?_format=json [] []
[2012-11-02 10:54:26] myapp.INFO: < 200 [] []
[2012-11-02 10:54:26] myapp.INFO: > GET /favicon.ico [] []
[2012-11-02 10:54:26] myapp.ERROR: Symfony\Component\HttpKernel\Exception\NotFoundHttpException: Unable to find the controller for path "/favicon.ico". Maybe you forgot to add the matching route in your routing configuration? (uncaught exception) at /Users/chh/Projects/spark-app/vendor/symfony/http-kernel/Symfony/Component/HttpKernel/HttpKernel.php line 118 [] []
[2012-11-02 10:54:26] myapp.INFO: < 404 [] []
[2012-11-02 10:54:30] myapp.INFO: > GET /posts/505d801eb3b6825243000007 [] []
[2012-11-02 10:54:30] myapp.INFO: < 200 [] []
[2012-11-02 10:54:30] myapp.INFO: > GET /_pipe/asset/screen.less [] []
[2012-11-02 10:54:30] myapp.INFO: < 200 [] []
[2012-11-02 10:54:30] myapp.INFO: > GET /_pipe/asset/application.coffee [] []
[2012-11-02 10:54:31] myapp.INFO: < 200 [] []
[2012-11-02 10:54:31] myapp.INFO: > GET /favicon.ico [] []
[2012-11-02 10:54:31] myapp.ERROR: Symfony\Component\HttpKernel\Exception\NotFoundHttpException: Unable to find the controller for path "/favicon.ico". Maybe you forgot to add the matching route in your routing configuration? (uncaught exception) at /Users/chh/Projects/spark-app/vendor/symfony/http-kernel/Symfony/Component/HttpKernel/HttpKernel.php line 118 [] []
[2012-11-02 10:54:31] myapp.INFO: < 404 [] []
[2012-11-02 10:54:36] myapp.INFO: > GET /posts/505d801eb3b6825243000007 [] []
[2012-11-02 10:54:36] myapp.CRITICAL: Symfony\Component\Routing\Exception\InvalidParameterException: Parameter "id" for route "posts_edit" must match "[^/]++" ("" given). (uncaught exception) at /Users/chh/Projects/spark-app/vendor/symfony/routing/Symfony/Component/Routing/Generator/UrlGenerator.php line 151 [] []
[2012-11-02 10:54:36] myapp.INFO: < 500 [] []
[2012-11-02 10:54:36] myapp.INFO: > GET /_pipe/asset/application.coffee [] []
[2012-11-02 10:54:37] myapp.INFO: < 200 [] []
[2012-11-02 10:54:38] myapp.INFO: > GET /favicon.ico [] []
[2012-11-02 10:54:38] myapp.ERROR: Symfony\Component\HttpKernel\Exception\NotFoundHttpException: Unable to find the controller for path "/favicon.ico". Maybe you forgot to add the matching route in your routing configuration? (uncaught exception) at /Users/chh/Projects/spark-app/vendor/symfony/http-kernel/Symfony/Component/HttpKernel/HttpKernel.php line 118 [] []
[2012-11-02 10:54:38] myapp.INFO: < 404 [] []
[2012-11-02 10:54:38] myapp.INFO: > GET /posts/505d801eb3b6825243000007 [] []
[2012-11-02 10:54:38] myapp.CRITICAL: Symfony\Component\Routing\Exception\InvalidParameterException: Parameter "id" for route "posts_edit" must match "[^/]++" ("" given). (uncaught exception) at /Users/chh/Projects/spark-app/vendor/symfony/routing/Symfony/Component/Routing/Generator/UrlGenerator.php line 151 [] []
[2012-11-02 10:54:38] myapp.INFO: < 500 [] []
[2012-11-02 10:54:38] myapp.INFO: > GET /_pipe/asset/application.coffee [] []
[2012-11-02 10:54:38] myapp.INFO: < 200 [] []
[2012-11-02 10:54:38] myapp.INFO: > GET /favicon.ico [] []
[2012-11-02 10:54:38] myapp.ERROR: Symfony\Component\HttpKernel\Exception\NotFoundHttpException: Unable to find the controller for path "/favicon.ico". Maybe you forgot to add the matching route in your routing configuration? (uncaught exception) at /Users/chh/Projects/spark-app/vendor/symfony/http-kernel/Symfony/Component/HttpKernel/HttpKernel.php line 118 [] []
[2012-11-02 10:54:38] myapp.INFO: < 404 [] []
[2012-11-02 10:54:45] myapp.INFO: > GET /posts/505d801eb3b6825243000007 [] []
[2012-11-02 10:54:45] myapp.CRITICAL: Symfony\Component\Routing\Exception\InvalidParameterException: Parameter "id" for route "posts_edit" must match "[^/]++" ("" given). (uncaught exception) at /Users/chh/Projects/spark-app/vendor/symfony/routing/Symfony/Component/Routing/Generator/UrlGenerator.php line 151 [] []
[2012-11-02 10:54:45] myapp.INFO: < 500 [] []
[2012-11-02 10:54:45] myapp.INFO: > GET /_pipe/asset/application.coffee [] []
[2012-11-02 10:54:46] myapp.INFO: < 200 [] []
[2012-11-02 10:54:46] myapp.INFO: > GET /favicon.ico [] []
[2012-11-02 10:54:46] myapp.ERROR: Symfony\Component\HttpKernel\Exception\NotFoundHttpException: Unable to find the controller for path "/favicon.ico". Maybe you forgot to add the matching route in your routing configuration? (uncaught exception) at /Users/chh/Projects/spark-app/vendor/symfony/http-kernel/Symfony/Component/HttpKernel/HttpKernel.php line 118 [] []
[2012-11-02 10:54:46] myapp.INFO: < 404 [] []
[2012-11-02 10:54:46] myapp.INFO: > GET /posts/505d801eb3b6825243000007 [] []
[2012-11-02 10:54:46] myapp.CRITICAL: Symfony\Component\Routing\Exception\InvalidParameterException: Parameter "id" for route "posts_edit" must match "[^/]++" ("" given). (uncaught exception) at /Users/chh/Projects/spark-app/vendor/symfony/routing/Symfony/Component/Routing/Generator/UrlGenerator.php line 151 [] []
[2012-11-02 10:54:46] myapp.INFO: < 500 [] []
[2012-11-02 10:54:46] myapp.INFO: > GET /_pipe/asset/application.coffee [] []
[2012-11-02 10:54:47] myapp.INFO: < 200 [] []
[2012-11-02 10:54:47] myapp.INFO: > GET /favicon.ico [] []
[2012-11-02 10:54:47] myapp.ERROR: Symfony\Component\HttpKernel\Exception\NotFoundHttpException: Unable to find the controller for path "/favicon.ico". Maybe you forgot to add the matching route in your routing configuration? (uncaught exception) at /Users/chh/Projects/spark-app/vendor/symfony/http-kernel/Symfony/Component/HttpKernel/HttpKernel.php line 118 [] []
[2012-11-02 10:54:47] myapp.INFO: < 404 [] []
[2012-11-02 10:54:48] myapp.INFO: > GET /posts/505d801eb3b6825243000007 [] []
[2012-11-02 10:54:48] myapp.CRITICAL: Symfony\Component\Routing\Exception\InvalidParameterException: Parameter "id" for route "posts_edit" must match "[^/]++" ("" given). (uncaught exception) at /Users/chh/Projects/spark-app/vendor/symfony/routing/Symfony/Component/Routing/Generator/UrlGenerator.php line 151 [] []
[2012-11-02 10:54:48] myapp.INFO: < 500 [] []
[2012-11-02 10:54:48] myapp.INFO: > GET /_pipe/asset/application.coffee [] []
[2012-11-02 10:54:48] myapp.INFO: < 200 [] []
[2012-11-02 10:54:50] myapp.INFO: > GET /favicon.ico [] []
[2012-11-02 10:54:50] myapp.ERROR: Symfony\Component\HttpKernel\Exception\NotFoundHttpException: Unable to find the controller for path "/favicon.ico". Maybe you forgot to add the matching route in your routing configuration? (uncaught exception) at /Users/chh/Projects/spark-app/vendor/symfony/http-kernel/Symfony/Component/HttpKernel/HttpKernel.php line 118 [] []
[2012-11-02 10:54:50] myapp.INFO: < 404 [] []
[2012-11-02 10:55:13] myapp.INFO: > GET /posts/505d801eb3b6825243000007 [] []
[2012-11-02 10:55:13] myapp.CRITICAL: Symfony\Component\Routing\Exception\InvalidParameterException: Parameter "id" for route "posts_edit" must match "[^/]++" ("" given). (uncaught exception) at /Users/chh/Projects/spark-app/vendor/symfony/routing/Symfony/Component/Routing/Generator/UrlGenerator.php line 151 [] []
[2012-11-02 10:55:13] myapp.INFO: < 500 [] []
[2012-11-02 10:55:13] myapp.INFO: > GET /_pipe/asset/application.coffee [] []
[2012-11-02 10:55:14] myapp.INFO: < 200 [] []
[2012-11-02 10:55:15] myapp.INFO: > GET /favicon.ico [] []
[2012-11-02 10:55:15] myapp.ERROR: Symfony\Component\HttpKernel\Exception\NotFoundHttpException: Unable to find the controller for path "/favicon.ico". Maybe you forgot to add the matching route in your routing configuration? (uncaught exception) at /Users/chh/Projects/spark-app/vendor/symfony/http-kernel/Symfony/Component/HttpKernel/HttpKernel.php line 118 [] []
[2012-11-02 10:55:15] myapp.INFO: < 404 [] []
[2012-11-02 10:55:47] myapp.INFO: > GET /posts/505d801eb3b6825243000007 [] []
[2012-11-02 10:55:47] myapp.INFO: < 200 [] []
[2012-11-02 10:55:47] myapp.INFO: > GET /_pipe/asset/screen.less [] []
[2012-11-02 10:55:47] myapp.INFO: < 200 [] []
[2012-11-02 10:55:47] myapp.INFO: > GET /_pipe/asset/application.coffee [] []
[2012-11-02 10:55:47] myapp.INFO: < 200 [] []
[2012-11-02 10:55:49] myapp.INFO: > GET /favicon.ico [] []
[2012-11-02 10:55:49] myapp.ERROR: Symfony\Component\HttpKernel\Exception\NotFoundHttpException: Unable to find the controller for path "/favicon.ico". Maybe you forgot to add the matching route in your routing configuration? (uncaught exception) at /Users/chh/Projects/spark-app/vendor/symfony/http-kernel/Symfony/Component/HttpKernel/HttpKernel.php line 118 [] []
[2012-11-02 10:55:49] myapp.INFO: < 404 [] []
[2012-11-02 10:56:00] myapp.INFO: > GET /posts/505d801eb3b6825243000007 [] []
[2012-11-02 10:56:00] myapp.CRITICAL: Symfony\Component\Routing\Exception\InvalidParameterException: Parameter "id" for route "posts_edit" must match "[^/]++" ("" given). (uncaught exception) at /Users/chh/Projects/spark-app/vendor/symfony/routing/Symfony/Component/Routing/Generator/UrlGenerator.php line 151 [] []
[2012-11-02 10:56:00] myapp.INFO: < 500 [] []
[2012-11-02 10:56:00] myapp.INFO: > GET /_pipe/asset/application.coffee [] []
[2012-11-02 10:56:00] myapp.INFO: < 200 [] []
[2012-11-02 10:56:01] myapp.INFO: > GET /favicon.ico [] []
[2012-11-02 10:56:01] myapp.ERROR: Symfony\Component\HttpKernel\Exception\NotFoundHttpException: Unable to find the controller for path "/favicon.ico". Maybe you forgot to add the matching route in your routing configuration? (uncaught exception) at /Users/chh/Projects/spark-app/vendor/symfony/http-kernel/Symfony/Component/HttpKernel/HttpKernel.php line 118 [] []
[2012-11-02 10:56:01] myapp.INFO: < 404 [] []
[2012-11-02 10:56:01] myapp.INFO: > GET /posts/505d801eb3b6825243000007 [] []
[2012-11-02 10:56:01] myapp.CRITICAL: Symfony\Component\Routing\Exception\InvalidParameterException: Parameter "id" for route "posts_edit" must match "[^/]++" ("" given). (uncaught exception) at /Users/chh/Projects/spark-app/vendor/symfony/routing/Symfony/Component/Routing/Generator/UrlGenerator.php line 151 [] []
[2012-11-02 10:56:01] myapp.INFO: < 500 [] []
[2012-11-02 10:56:01] myapp.INFO: > GET /_pipe/asset/application.coffee [] []
[2012-11-02 10:56:02] myapp.INFO: < 200 [] []
[2012-11-02 10:56:02] myapp.INFO: > GET /favicon.ico [] []
[2012-11-02 10:56:02] myapp.ERROR: Symfony\Component\HttpKernel\Exception\NotFoundHttpException: Unable to find the controller for path "/favicon.ico". Maybe you forgot to add the matching route in your routing configuration? (uncaught exception) at /Users/chh/Projects/spark-app/vendor/symfony/http-kernel/Symfony/Component/HttpKernel/HttpKernel.php line 118 [] []
[2012-11-02 10:56:02] myapp.INFO: < 404 [] []
[2012-11-02 10:56:09] myapp.INFO: > GET /posts/505d801eb3b6825243000007 [] []
[2012-11-02 10:56:09] myapp.INFO: < 200 [] []
[2012-11-02 10:56:09] myapp.INFO: > GET /_pipe/asset/screen.less [] []
[2012-11-02 10:56:09] myapp.INFO: < 200 [] []
[2012-11-02 10:56:09] myapp.INFO: > GET /_pipe/asset/application.coffee [] []
[2012-11-02 10:56:09] myapp.INFO: < 200 [] []
[2012-11-02 10:56:10] myapp.INFO: > GET /favicon.ico [] []
[2012-11-02 10:56:10] myapp.ERROR: Symfony\Component\HttpKernel\Exception\NotFoundHttpException: Unable to find the controller for path "/favicon.ico". Maybe you forgot to add the matching route in your routing configuration? (uncaught exception) at /Users/chh/Projects/spark-app/vendor/symfony/http-kernel/Symfony/Component/HttpKernel/HttpKernel.php line 118 [] []
[2012-11-02 10:56:10] myapp.INFO: < 404 [] []
[2012-11-02 10:56:16] myapp.INFO: > GET /posts/505d801eb3b6825243000007 [] []
[2012-11-02 10:56:16] myapp.CRITICAL: Symfony\Component\Routing\Exception\InvalidParameterException: Parameter "id" for route "posts_edit" must match "[^/]++" ("" given). (uncaught exception) at /Users/chh/Projects/spark-app/vendor/symfony/routing/Symfony/Component/Routing/Generator/UrlGenerator.php line 151 [] []
[2012-11-02 10:56:16] myapp.INFO: < 500 [] []
[2012-11-02 10:56:16] myapp.INFO: > GET /_pipe/asset/application.coffee [] []
[2012-11-02 10:56:16] myapp.INFO: < 200 [] []
[2012-11-02 10:56:17] myapp.INFO: > GET /favicon.ico [] []
[2012-11-02 10:56:17] myapp.ERROR: Symfony\Component\HttpKernel\Exception\NotFoundHttpException: Unable to find the controller for path "/favicon.ico". Maybe you forgot to add the matching route in your routing configuration? (uncaught exception) at /Users/chh/Projects/spark-app/vendor/symfony/http-kernel/Symfony/Component/HttpKernel/HttpKernel.php line 118 [] []
[2012-11-02 10:56:17] myapp.INFO: < 404 [] []
[2012-11-02 10:57:21] myapp.INFO: > GET /posts/505d801eb3b6825243000007 [] []
[2012-11-02 10:57:21] myapp.CRITICAL: UnexpectedValueException: Something went wrong. (uncaught exception) at /Users/chh/Projects/spark-app/vendor/chh/meta-template/lib/MetaTemplate/Template/PhpTemplate.php line 46 [] []
[2012-11-02 10:57:21] myapp.INFO: < 500 [] []
[2012-11-02 10:57:21] myapp.INFO: > GET /_pipe/asset/screen.less [] []
[2012-11-02 10:57:22] myapp.INFO: < 200 [] []
[2012-11-02 10:57:22] myapp.INFO: > GET /_pipe/asset/application.coffee [] []
[2012-11-02 10:57:22] myapp.INFO: < 200 [] []
[2012-11-02 10:57:24] myapp.INFO: > GET /favicon.ico [] []
[2012-11-02 10:57:24] myapp.ERROR: Symfony\Component\HttpKernel\Exception\NotFoundHttpException: Unable to find the controller for path "/favicon.ico". Maybe you forgot to add the matching route in your routing configuration? (uncaught exception) at /Users/chh/Projects/spark-app/vendor/symfony/http-kernel/Symfony/Component/HttpKernel/HttpKernel.php line 118 [] []
[2012-11-02 10:57:24] myapp.INFO: < 404 [] []
[2012-11-02 10:57:27] myapp.INFO: > GET /posts/505d801eb3b6825243000007 [] []
[2012-11-02 10:57:27] myapp.CRITICAL: Symfony\Component\Routing\Exception\InvalidParameterException: Parameter "id" for route "posts_edit" must match "[^/]++" ("" given). (uncaught exception) at /Users/chh/Projects/spark-app/vendor/symfony/routing/Symfony/Component/Routing/Generator/UrlGenerator.php line 151 [] []
[2012-11-02 10:57:27] myapp.INFO: < 500 [] []
[2012-11-02 10:57:27] myapp.INFO: > GET /_pipe/asset/application.coffee [] []
[2012-11-02 10:57:27] myapp.INFO: < 200 [] []
[2012-11-02 10:57:28] myapp.INFO: > GET /favicon.ico [] []
[2012-11-02 10:57:28] myapp.ERROR: Symfony\Component\HttpKernel\Exception\NotFoundHttpException: Unable to find the controller for path "/favicon.ico". Maybe you forgot to add the matching route in your routing configuration? (uncaught exception) at /Users/chh/Projects/spark-app/vendor/symfony/http-kernel/Symfony/Component/HttpKernel/HttpKernel.php line 118 [] []
[2012-11-02 10:57:28] myapp.INFO: < 404 [] []
[2012-11-02 10:57:47] myapp.INFO: > GET /posts/505d801eb3b6825243000007 [] []
[2012-11-02 10:57:47] myapp.INFO: < 200 [] []
[2012-11-02 10:57:48] myapp.INFO: > GET /_pipe/asset/screen.less [] []
[2012-11-02 10:57:48] myapp.INFO: < 200 [] []
[2012-11-02 10:57:48] myapp.INFO: > GET /_pipe/asset/application.coffee [] []
[2012-11-02 10:57:48] myapp.INFO: < 200 [] []
[2012-11-02 10:57:51] myapp.INFO: > GET /favicon.ico [] []
[2012-11-02 10:57:51] myapp.ERROR: Symfony\Component\HttpKernel\Exception\NotFoundHttpException: Unable to find the controller for path "/favicon.ico". Maybe you forgot to add the matching route in your routing configuration? (uncaught exception) at /Users/chh/Projects/spark-app/vendor/symfony/http-kernel/Symfony/Component/HttpKernel/HttpKernel.php line 118 [] []
[2012-11-02 10:57:51] myapp.INFO: < 404 [] []
[2012-11-03 21:48:28] myapp.INFO: > GET / [] []
[2012-11-03 21:48:28] myapp.CRITICAL: RuntimeException: Failed to start the session because headers have already been sent. (uncaught exception) at /Users/chh/Projects/spark-app/vendor/symfony/http-foundation/Symfony/Component/HttpFoundation/Session/Storage/NativeSessionStorage.php line 142 [] []
[2012-11-03 21:50:41] myapp.INFO: > GET / [] []
[2012-11-03 21:50:41] myapp.INFO: < 200 [] []
[2012-11-03 21:52:12] myapp.INFO: > GET / [] []
[2012-11-03 21:52:12] myapp.INFO: < 200 [] []
[2012-11-03 22:00:36] myapp.INFO: > GET / [] []
[2012-11-03 22:00:36] myapp.INFO: < 200 [] []
[2012-11-03 22:01:11] myapp.INFO: > GET / [] []
[2012-11-03 22:01:11] myapp.INFO: < 200 [] []
[2012-11-03 22:01:29] myapp.INFO: > GET / [] []
[2012-11-03 22:01:29] myapp.INFO: < 200 [] []
[2012-11-03 22:01:41] myapp.INFO: > GET / [] []
[2012-11-03 22:01:41] myapp.INFO: < 200 [] []
[2012-11-03 22:01:57] myapp.INFO: > GET / [] []
[2012-11-03 22:01:57] myapp.INFO: < 200 [] []
[2012-11-03 22:05:28] myapp.INFO: > GET / [] []
[2012-11-03 22:05:28] myapp.INFO: < 200 [] []
[2012-11-03 22:07:32] myapp.INFO: > GET /posts/505d801eb3b6825243000007 [] []
[2012-11-03 22:07:32] myapp.INFO: < 200 [] []
[2012-11-03 22:07:32] myapp.INFO: > GET /_pipe/asset/screen.less [] []
[2012-11-03 22:07:32] myapp.INFO: < 200 [] []
[2012-11-03 22:07:32] myapp.INFO: > GET /_pipe/asset/application.coffee [] []
[2012-11-03 22:07:33] myapp.INFO: < 200 [] []
[2012-11-03 22:07:33] myapp.INFO: > GET /favicon.ico [] []
[2012-11-03 22:07:33] myapp.ERROR: Symfony\Component\HttpKernel\Exception\NotFoundHttpException: Unable to find the controller for path "/favicon.ico". Maybe you forgot to add the matching route in your routing configuration? (uncaught exception) at /Users/chh/Projects/spark-app/vendor/symfony/http-kernel/Symfony/Component/HttpKernel/HttpKernel.php line 118 [] []
[2012-11-03 22:07:33] myapp.INFO: < 404 [] []
[2012-11-05 18:13:29] myapp.INFO: > GET / [] []
[2012-11-05 18:13:29] myapp.CRITICAL: MongoConnectionException: Invalid argument (uncaught exception) at /Users/chh/Projects/spark-app/config/database.php line 7 [] []
[2012-11-05 18:13:29] myapp.INFO: < 500 [] []
[2012-11-05 18:13:29] myapp.INFO: > GET /_pipe/asset/screen.less [] []
[2012-11-05 18:13:29] myapp.INFO: < 200 [] []
[2012-11-05 18:13:29] myapp.INFO: > GET /_pipe/asset/application.coffee [] []
[2012-11-05 18:13:29] myapp.INFO: < 200 [] []
[2012-11-05 18:13:29] myapp.INFO: > GET /favicon.ico [] []
[2012-11-05 18:13:29] myapp.CRITICAL: UnexpectedValueException: Controller class "blog\Favicon.icoController" not found. (uncaught exception) at /Users/chh/Projects/spark-app/vendor/spark/spark/lib/Spark/Controller/EventListener/ControllerClassResolver.php line 121 [] []
[2012-11-05 18:13:29] myapp.INFO: < 500 [] []
[2012-11-05 18:13:38] myapp.INFO: > GET / [] []
[2012-11-05 18:13:38] myapp.INFO: < 200 [] []
[2012-11-05 18:13:38] myapp.INFO: > GET /_pipe/asset/screen.less [] []
[2012-11-05 18:13:38] myapp.INFO: < 200 [] []
[2012-11-05 18:13:38] myapp.INFO: > GET /_pipe/asset/application.coffee [] []
[2012-11-05 18:13:38] myapp.INFO: < 200 [] []
[2012-11-05 18:13:39] myapp.INFO: > GET /favicon.ico [] []
[2012-11-05 18:13:39] myapp.CRITICAL: UnexpectedValueException: Controller class "blog\Favicon.icoController" not found. (uncaught exception) at /Users/chh/Projects/spark-app/vendor/spark/spark/lib/Spark/Controller/EventListener/ControllerClassResolver.php line 121 [] []
[2012-11-05 18:13:39] myapp.INFO: < 500 [] []
